TN:
SF:/Users/bfitch/projects/rest-store/src/parse-url.js
FN:4,
FN:13,
FNF:2
FNH:2
FNDA:53,
FNDA:53,
DA:4,1
DA:5,53
DA:6,53
DA:7,53
DA:8,53
DA:10,53
DA:14,53
DA:15,20
DA:17,33
LF:9
LH:9
BRDA:14,1,0,20
BRDA:14,1,1,33
BRDA:14,2,0,53
BRDA:14,2,1,43
BRF:4
BRH:4
end_of_record
TN:
SF:/Users/bfitch/projects/rest-store/src/configuration.js
FN:4,
FN:40,
FN:46,
FN:47,
FN:57,
FNF:5
FNH:5
FNDA:152,
FNDA:149,
FNDA:2,
FNDA:7,
FNDA:17,
DA:2,1
DA:4,114
DA:5,152
DA:7,151
DA:9,151
DA:10,150
DA:14,144
DA:15,146
DA:16,149
DA:19,148
DA:20,142
DA:21,144
DA:25,149
DA:27,149
DA:29,53
DA:40,148
DA:41,149
DA:42,2
DA:43,1
DA:44,1
DA:46,2
DA:47,2
DA:48,7
DA:53,147
DA:58,17
DA:59,17
LF:26
LH:26
BRDA:5,1,0,1
BRDA:5,1,1,151
BRDA:9,2,0,1
BRDA:9,2,1,150
BRDA:10,3,0,1
BRDA:10,3,1,149
BRDA:41,4,0,2
BRDA:41,4,1,147
BRDA:42,5,0,1
BRDA:42,5,1,1
BRDA:59,6,0,16
BRDA:59,6,1,1
BRF:12
BRH:12
end_of_record
TN:
SF:/Users/bfitch/projects/rest-store/src/utils.js
FN:1,
FNF:1
FNH:1
FNDA:261,
DA:2,261
DA:3,15
DA:4,246
DA:5,98
DA:7,148
LF:5
LH:5
BRDA:2,1,0,15
BRDA:2,1,1,246
BRDA:4,2,0,98
BRDA:4,2,1,148
BRF:4
BRH:4
end_of_record
TN:
SF:/Users/bfitch/projects/rest-store/src/axios-adapter.js
FN:3,
FN:11,
FN:15,
FN:16,
FN:23,
FN:25,
FN:26,
FNF:7
FNH:7
FNDA:31,
FNDA:124,
FNDA:10,
FNDA:15,
FNDA:25,
FNDA:15,
FNDA:10,
DA:3,31
DA:4,31
DA:11,31
DA:12,124
DA:14,124
DA:15,31
DA:16,93
DA:18,124
DA:21,31
DA:24,25
DA:25,15
DA:27,10
DA:28,0
LF:13
LH:12
BRDA:14,1,0,31
BRDA:14,1,1,93
BRDA:27,2,0,10
BRDA:27,2,1,0
BRF:4
BRH:3
end_of_record
TN:
SF:/Users/bfitch/projects/rest-store/index.js
FN:7,
FN:20,
FN:25,
FN:29,
FN:39,
FN:44,
FN:48,
FN:62,
FN:67,
FN:69,
FN:73,
FN:86,
FN:93,
FN:98,
FN:100,
FN:104,
FN:116,
FN:124,
FN:126,
FN:131,
FN:133,
FN:134,
FNF:22
FNH:22
FNDA:31,
FNDA:1,
FNDA:4,
FNDA:2,
FNDA:1,
FNDA:4,
FNDA:2,
FNDA:1,
FNDA:3,
FNDA:2,
FNDA:1,
FNDA:1,
FNDA:4,
FNDA:3,
FNDA:2,
FNDA:1,
FNDA:7,
FNDA:6,
FNDA:1,
FNDA:4,
FNDA:2,
FNDA:1,
DA:7,30
DA:8,31
DA:10,29
DA:15,6
DA:18,6
DA:19,2
DA:21,1
DA:22,1
DA:25,4
DA:26,4
DA:28,3
DA:29,2
DA:35,6
DA:38,6
DA:39,2
DA:40,1
DA:41,1
DA:44,4
DA:45,4
DA:47,3
DA:49,2
DA:50,2
DA:56,4
DA:57,6
DA:60,6
DA:61,2
DA:62,1
DA:64,4
DA:65,4
DA:67,4
DA:68,3
DA:70,2
DA:71,2
DA:74,1
DA:75,1
DA:81,4
DA:82,6
DA:85,6
DA:86,2
DA:87,1
DA:88,1
DA:91,4
DA:93,4
DA:94,4
DA:97,4
DA:99,3
DA:101,2
DA:102,2
DA:105,1
DA:106,1
DA:112,5
DA:113,7
DA:116,7
DA:117,7
DA:118,1
DA:119,1
DA:121,6
DA:125,6
DA:126,2
DA:127,1
DA:128,1
DA:131,4
DA:132,4
DA:133,2
DA:135,1
DA:136,1
LF:66
LH:66
BRDA:8,1,0,2
BRDA:8,1,1,29
BRDA:18,2,0,2
BRDA:18,2,1,4
BRDA:26,3,0,1
BRDA:26,3,1,3
BRDA:38,4,0,2
BRDA:38,4,1,4
BRDA:45,5,0,1
BRDA:45,5,1,3
BRDA:60,6,0,2
BRDA:60,6,1,4
BRDA:85,7,0,2
BRDA:85,7,1,4
BRDA:117,8,0,1
BRDA:117,8,1,6
BRDA:125,9,0,2
BRDA:125,9,1,4
BRF:18
BRH:18
end_of_record
