TN:
SF:/Users/brian/projects/rest-store/src/parse-url.js
FN:4,
FN:13,
FNF:2
FNH:2
FNDA:54,
FNDA:54,
DA:4,1
DA:5,54
DA:6,54
DA:7,54
DA:8,54
DA:10,53
DA:14,54
DA:15,20
DA:17,34
LF:9
LH:9
BRDA:14,1,0,20
BRDA:14,1,1,34
BRDA:14,2,0,54
BRDA:14,2,1,44
BRF:4
BRH:4
end_of_record
TN:
SF:/Users/brian/projects/rest-store/src/configuration.js
FN:4,
FN:40,
FN:46,
FN:47,
FN:57,
FNF:5
FNH:5
FNDA:152,
FNDA:149,
FNDA:2,
FNDA:7,
FNDA:16,
DA:2,1
DA:4,114
DA:5,152
DA:7,151
DA:9,151
DA:10,150
DA:14,144
DA:15,145
DA:16,149
DA:19,148
DA:20,142
DA:21,144
DA:25,149
DA:27,149
DA:29,54
DA:40,148
DA:41,149
DA:42,3
DA:43,2
DA:44,1
DA:46,3
DA:47,2
DA:48,7
DA:53,146
DA:58,16
DA:59,16
LF:26
LH:26
BRDA:5,1,0,1
BRDA:5,1,1,151
BRDA:9,2,0,1
BRDA:9,2,1,150
BRDA:10,3,0,1
BRDA:10,3,1,149
BRDA:41,4,0,3
BRDA:41,4,1,146
BRDA:42,5,0,2
BRDA:42,5,1,1
BRDA:53,6,0,146
BRDA:53,6,1,0
BRDA:59,7,0,15
BRDA:59,7,1,1
BRF:14
BRH:13
end_of_record
TN:
SF:/Users/brian/projects/rest-store/src/utils.js
FN:1,
FNF:1
FNH:1
FNDA:253,
DA:2,253
DA:3,13
DA:4,240
DA:5,98
DA:7,142
LF:5
LH:5
BRDA:2,1,0,13
BRDA:2,1,1,240
BRDA:4,2,0,98
BRDA:4,2,1,142
BRF:4
BRH:4
end_of_record
TN:
SF:/Users/brian/projects/rest-store/src/cerebral-store-adapter.js
FN:8,
FN:70,
FN:73,
FN:74,
FN:75,
FN:77,
FN:79,
FN:101,
FN:117,
FN:119,
FN:143,
FN:149,
FN:150,
FN:155,
FNF:14
FNH:14
FNDA:47,
FNDA:5,
FNDA:9,
FNDA:8,
FNDA:9,
FNDA:3,
FNDA:8,
FNDA:6,
FNDA:18,
FNDA:31,
FNDA:22,
FNDA:29,
FNDA:33,
FNDA:4,
DA:6,1
DA:8,26
DA:9,47
DA:11,47
DA:15,10
DA:16,10
DA:17,8
DA:21,9
DA:22,9
DA:23,1
DA:27,8
DA:31,7
DA:33,7
DA:34,1
DA:37,6
DA:38,1
DA:39,5
DA:40,2
DA:42,3
DA:44,6
DA:47,10
DA:48,20
DA:50,20
DA:51,19
DA:54,19
DA:55,15
DA:57,4
DA:59,18
DA:62,5
DA:63,6
DA:65,6
DA:66,5
DA:68,4
DA:70,5
DA:71,4
DA:73,9
DA:74,8
DA:75,9
DA:77,3
DA:79,8
DA:80,3
DA:83,3
DA:84,6
DA:85,6
DA:86,6
DA:88,6
DA:89,6
DA:91,5
DA:92,3
DA:94,2
DA:96,5
DA:102,6
DA:104,6
DA:105,2
DA:106,2
DA:107,2
DA:108,4
DA:109,2
DA:110,2
DA:112,2
DA:113,2
DA:118,18
DA:119,31
DA:121,18
DA:122,1
DA:125,17
DA:126,2
DA:127,2
DA:128,15
DA:129,5
DA:130,5
DA:131,5
DA:132,10
DA:133,5
DA:134,5
DA:136,5
DA:137,5
DA:138,5
DA:139,5
DA:144,22
DA:145,19
DA:148,18
DA:149,14
DA:150,29
DA:151,33
DA:155,4
DA:156,4
DA:158,4
DA:161,18
LF:89
LH:89
BRDA:16,1,0,2
BRDA:16,1,1,8
BRDA:22,2,0,1
BRDA:22,2,1,8
BRDA:33,3,0,1
BRDA:33,3,1,6
BRDA:33,4,0,7
BRDA:33,4,1,3
BRDA:37,5,0,1
BRDA:37,5,1,5
BRDA:39,6,0,2
BRDA:39,6,1,3
BRDA:50,7,0,1
BRDA:50,7,1,19
BRDA:54,8,0,15
BRDA:54,8,1,4
BRDA:65,9,0,1
BRDA:65,9,1,5
BRDA:66,10,0,1
BRDA:66,10,1,4
BRDA:71,11,0,1
BRDA:71,11,1,3
BRDA:77,12,0,3
BRDA:77,12,1,0
BRDA:89,13,0,1
BRDA:89,13,1,5
BRDA:91,14,0,3
BRDA:91,14,1,2
BRDA:104,15,0,2
BRDA:104,15,1,4
BRDA:108,16,0,2
BRDA:108,16,1,2
BRDA:108,17,0,4
BRDA:108,17,1,2
BRDA:121,18,0,1
BRDA:121,18,1,17
BRDA:121,19,0,18
BRDA:121,19,1,3
BRDA:125,20,0,2
BRDA:125,20,1,15
BRDA:128,21,0,5
BRDA:128,21,1,10
BRDA:132,22,0,5
BRDA:132,22,1,5
BRDA:144,23,0,3
BRDA:144,23,1,19
BRDA:145,24,0,1
BRDA:145,24,1,18
BRDA:145,25,0,0
BRDA:145,25,1,1
BRDA:148,26,0,14
BRDA:148,26,1,4
BRDA:151,27,0,33
BRDA:151,27,1,33
BRDA:156,28,0,4
BRDA:156,28,1,4
BRDA:158,29,0,4
BRDA:158,29,1,0
BRDA:161,30,0,4
BRDA:161,30,1,14
BRF:60
BRH:57
end_of_record
TN:
SF:/Users/brian/projects/rest-store/src/js-store-adapter.js
FN:7,
FN:31,
FN:77,
FN:80,
FN:81,
FN:82,
FN:84,
FN:86,
FN:92,
FN:105,
FN:106,
FN:129,
FN:135,
FN:136,
FN:141,
FN:150,
FN:153,
FN:163,
FN:166,
FNF:19
FNH:19
FNDA:78,
FNDA:2,
FNDA:8,
FNDA:15,
FNDA:17,
FNDA:15,
FNDA:7,
FNDA:17,
FNDA:6,
FNDA:47,
FNDA:64,
FNDA:47,
FNDA:59,
FNDA:63,
FNDA:4,
FNDA:292,
FNDA:444,
FNDA:10,
FNDA:15,
DA:5,1
DA:7,30
DA:8,78
DA:12,25
DA:13,23
DA:17,13
DA:18,1
DA:22,12
DA:26,14
DA:27,1
DA:30,13
DA:31,1
DA:32,2
DA:33,2
DA:35,12
DA:36,2
DA:38,10
DA:40,13
DA:43,19
DA:44,43
DA:45,42
DA:48,42
DA:49,38
DA:51,4
DA:53,41
DA:56,4
DA:57,12
DA:58,12
DA:60,12
DA:61,12
DA:63,11
DA:64,9
DA:66,2
DA:68,11
DA:71,5
DA:72,9
DA:73,8
DA:75,7
DA:77,8
DA:78,7
DA:80,15
DA:81,17
DA:82,15
DA:84,7
DA:86,17
DA:87,6
DA:93,6
DA:94,2
DA:95,2
DA:96,2
DA:97,4
DA:98,2
DA:100,2
DA:101,2
DA:106,64
DA:108,47
DA:109,1
DA:112,46
DA:113,10
DA:114,10
DA:115,36
DA:116,15
DA:117,15
DA:118,15
DA:119,21
DA:120,16
DA:121,16
DA:123,5
DA:124,5
DA:125,5
DA:130,47
DA:131,41
DA:134,40
DA:135,36
DA:136,59
DA:137,63
DA:141,4
DA:142,4
DA:144,4
DA:147,40
DA:151,292
DA:153,292
DA:154,444
DA:155,4
DA:156,4
DA:158,440
DA:164,10
DA:166,10
DA:167,15
DA:168,15
DA:170,13
DA:171,5
DA:172,8
DA:174,13
LF:94
LH:94
BRDA:12,1,0,2
BRDA:12,1,1,23
BRDA:17,2,0,1
BRDA:17,2,1,12
BRDA:26,3,0,1
BRDA:26,3,1,13
BRDA:26,4,0,14
BRDA:26,4,1,3
BRDA:30,5,0,1
BRDA:30,5,1,12
BRDA:35,6,0,2
BRDA:35,6,1,10
BRDA:44,7,0,1
BRDA:44,7,1,42
BRDA:48,8,0,38
BRDA:48,8,1,4
BRDA:61,9,0,1
BRDA:61,9,1,11
BRDA:63,10,0,9
BRDA:63,10,1,2
BRDA:72,11,0,1
BRDA:72,11,1,8
BRDA:73,12,0,1
BRDA:73,12,1,7
BRDA:78,13,0,1
BRDA:78,13,1,6
BRDA:84,14,0,5
BRDA:84,14,1,1
BRDA:93,15,0,2
BRDA:93,15,1,4
BRDA:97,16,0,2
BRDA:97,16,1,2
BRDA:97,17,0,4
BRDA:97,17,1,2
BRDA:108,18,0,1
BRDA:108,18,1,46
BRDA:108,19,0,47
BRDA:108,19,1,11
BRDA:112,20,0,10
BRDA:112,20,1,36
BRDA:115,21,0,15
BRDA:115,21,1,21
BRDA:119,22,0,16
BRDA:119,22,1,5
BRDA:130,23,0,6
BRDA:130,23,1,41
BRDA:131,24,0,1
BRDA:131,24,1,40
BRDA:131,25,0,0
BRDA:131,25,1,1
BRDA:134,26,0,36
BRDA:134,26,1,4
BRDA:137,27,0,63
BRDA:137,27,1,63
BRDA:142,28,0,4
BRDA:142,28,1,4
BRDA:144,29,0,4
BRDA:144,29,1,0
BRDA:147,30,0,8
BRDA:147,30,1,32
BRDA:154,31,0,4
BRDA:154,31,1,440
BRDA:168,32,0,2
BRDA:168,32,1,13
BRDA:170,33,0,5
BRDA:170,33,1,8
BRDA:171,34,0,5
BRDA:171,34,1,0
BRF:68
BRH:65
end_of_record
TN:
SF:/Users/brian/projects/rest-store/src/axios-adapter.js
FN:3,
FN:11,
FN:15,
FN:16,
FN:23,
FN:24,
FNF:6
FNH:6
FNDA:32,
FNDA:128,
FNDA:10,
FNDA:15,
FNDA:25,
FNDA:15,
DA:3,32
DA:4,32
DA:11,32
DA:12,128
DA:14,128
DA:15,32
DA:16,96
DA:18,128
DA:21,32
DA:24,25
DA:25,15
LF:11
LH:11
BRDA:14,1,0,32
BRDA:14,1,1,96
BRF:2
BRH:2
end_of_record
TN:
SF:/Users/brian/projects/rest-store/index.js
FN:9,
FN:22,
FN:27,
FN:31,
FN:41,
FN:46,
FN:50,
FN:64,
FN:69,
FN:71,
FN:75,
FN:88,
FN:95,
FN:100,
FN:102,
FN:106,
FN:118,
FN:126,
FN:128,
FN:133,
FN:135,
FN:136,
FNF:22
FNH:22
FNDA:32,
FNDA:1,
FNDA:4,
FNDA:2,
FNDA:1,
FNDA:4,
FNDA:2,
FNDA:1,
FNDA:3,
FNDA:2,
FNDA:1,
FNDA:1,
FNDA:4,
FNDA:3,
FNDA:2,
FNDA:1,
FNDA:7,
FNDA:6,
FNDA:1,
FNDA:4,
FNDA:2,
FNDA:1,
DA:9,31
DA:10,32
DA:12,30
DA:17,7
DA:20,6
DA:21,2
DA:23,1
DA:24,1
DA:27,4
DA:28,4
DA:30,3
DA:31,2
DA:37,6
DA:40,6
DA:41,2
DA:42,1
DA:43,1
DA:46,4
DA:47,4
DA:49,3
DA:51,2
DA:52,2
DA:58,4
DA:59,6
DA:62,6
DA:63,2
DA:64,1
DA:66,4
DA:67,4
DA:69,4
DA:70,3
DA:72,2
DA:73,2
DA:76,1
DA:77,1
DA:83,4
DA:84,6
DA:87,6
DA:88,2
DA:89,1
DA:90,1
DA:93,4
DA:95,4
DA:96,4
DA:99,4
DA:101,3
DA:103,2
DA:104,2
DA:107,1
DA:108,1
DA:114,5
DA:115,7
DA:118,7
DA:119,7
DA:120,1
DA:121,1
DA:123,6
DA:127,6
DA:128,2
DA:129,1
DA:130,1
DA:133,4
DA:134,4
DA:135,2
DA:137,1
DA:138,1
LF:66
LH:66
BRDA:10,1,0,2
BRDA:10,1,1,30
BRDA:20,2,0,2
BRDA:20,2,1,4
BRDA:28,3,0,1
BRDA:28,3,1,3
BRDA:40,4,0,2
BRDA:40,4,1,4
BRDA:47,5,0,1
BRDA:47,5,1,3
BRDA:62,6,0,2
BRDA:62,6,1,4
BRDA:87,7,0,2
BRDA:87,7,1,4
BRDA:119,8,0,1
BRDA:119,8,1,6
BRDA:127,9,0,2
BRDA:127,9,1,4
BRF:18
BRH:18
end_of_record
